\BOOKMARK [1][-]{section.1}{Elementary Probability Theory}{}% 1
\BOOKMARK [2][-]{subsection.1.1}{Conditional Probability}{section.1}% 2
\BOOKMARK [2][-]{subsection.1.2}{Statistical Independence}{section.1}% 3
\BOOKMARK [2][-]{subsection.1.3}{Random Variables}{section.1}% 4
\BOOKMARK [2][-]{subsection.1.4}{Expected Value}{section.1}% 5
\BOOKMARK [2][-]{subsection.1.5}{Variance}{section.1}% 6
\BOOKMARK [2][-]{subsection.1.6}{Important Distributions}{section.1}% 7
\BOOKMARK [2][-]{subsection.1.7}{Important Inequality Theorems}{section.1}% 8
\BOOKMARK [2][-]{subsection.1.8}{Important Limit Theorems}{section.1}% 9
\BOOKMARK [1][-]{section.2}{Measure Theory}{}% 10
\BOOKMARK [2][-]{subsection.2.1}{\(Sigma\) Algebras}{section.2}% 11
\BOOKMARK [2][-]{subsection.2.2}{Measures}{section.2}% 12
\BOOKMARK [2][-]{subsection.2.3}{Measurable Functions}{section.2}% 13
\BOOKMARK [2][-]{subsection.2.4}{Integration of Measurable Functions}{section.2}% 14
\BOOKMARK [1][-]{section.3}{Probability Spaces}{}% 15
\BOOKMARK [2][-]{subsection.3.1}{Expected Value}{section.3}% 16
\BOOKMARK [2][-]{subsection.3.2}{Almost Sure and Almost Everywhere}{section.3}% 17
\BOOKMARK [2][-]{subsection.3.3}{Inequalities and Bounds}{section.3}% 18
\BOOKMARK [2][-]{subsection.3.4}{Borel-Cantelli Lemmas}{section.3}% 19
\BOOKMARK [2][-]{subsection.3.5}{Law of Large Numbers, Central Limit Theorem}{section.3}% 20
\BOOKMARK [2][-]{subsection.3.6}{Weak Convergence}{section.3}% 21
\BOOKMARK [1][-]{section.4}{Markov Chains}{}% 22
