\BOOKMARK [1][-]{section.1}{9/13/2018}{}% 1
\BOOKMARK [2][-]{subsection.1.1}{Exercise}{section.1}% 2
\BOOKMARK [1][-]{section.2}{9/18/2018}{}% 3
\BOOKMARK [2][-]{subsection.2.1}{Problem from last week}{section.2}% 4
\BOOKMARK [2][-]{subsection.2.2}{Probability and Measure Theory}{section.2}% 5
\BOOKMARK [2][-]{subsection.2.3}{Measure Theory}{section.2}% 6
\BOOKMARK [2][-]{subsection.2.4}{Intersections and Unions of -Algebras}{section.2}% 7
\BOOKMARK [2][-]{subsection.2.5}{Topological Spaces, Borel -Algebras, Borel Sets}{section.2}% 8
\BOOKMARK [2][-]{subsection.2.6}{Measurable Spaces}{section.2}% 9
\BOOKMARK [1][-]{section.3}{9/20/2018}{}% 10
\BOOKMARK [2][-]{subsection.3.1}{Probability Spaces \(review\)}{section.3}% 11
\BOOKMARK [2][-]{subsection.3.2}{Measures}{section.3}% 12
\BOOKMARK [2][-]{subsection.3.3}{Properties of Measures}{section.3}% 13
\BOOKMARK [2][-]{subsection.3.4}{Specification of Measures}{section.3}% 14
\BOOKMARK [2][-]{subsection.3.5}{Completeness and Negligible Sets}{section.3}% 15
\BOOKMARK [2][-]{subsection.3.6}{Functions}{section.3}% 16
\BOOKMARK [1][-]{section.4}{9/25/2018}{}% 17
\BOOKMARK [2][-]{subsection.4.1}{Measurable Functions}{section.4}% 18
\BOOKMARK [2][-]{subsection.4.2}{Approximation of Measurable Functions}{section.4}% 19
\BOOKMARK [2][-]{subsection.4.3}{Integration}{section.4}% 20
\BOOKMARK [1][-]{section.5}{9/27/2018}{}% 21
\BOOKMARK [2][-]{subsection.5.1}{The Compactification of R}{section.5}% 22
\BOOKMARK [2][-]{subsection.5.2}{Last Time}{section.5}% 23
\BOOKMARK [2][-]{subsection.5.3}{Continuing}{section.5}% 24
\BOOKMARK [2][-]{subsection.5.4}{Lebesgue Integration}{section.5}% 25
\BOOKMARK [2][-]{subsection.5.5}{Integration Over a Set}{section.5}% 26
\BOOKMARK [2][-]{subsection.5.6}{Monotone Convergence Theorem}{section.5}% 27
\BOOKMARK [2][-]{subsection.5.7}{The Insensitivity of the Integral W.R.T Negligible Sets}{section.5}% 28
\BOOKMARK [2][-]{subsection.5.8}{Faton's Lemma}{section.5}% 29
\BOOKMARK [2][-]{subsection.5.9}{Dominated Convergence Theorem}{section.5}% 30
\BOOKMARK [2][-]{subsection.5.10}{A note on these theorems...}{section.5}% 31
\BOOKMARK [2][-]{subsection.5.11}{Characterization of the Integral}{section.5}% 32
\BOOKMARK [2][-]{subsection.5.12}{Product Spaces}{section.5}% 33
\BOOKMARK [2][-]{subsection.5.13}{Absolute Continuity of Measures}{section.5}% 34
\BOOKMARK [1][-]{section.6}{10/2/2018}{}% 35
\BOOKMARK [2][-]{subsection.6.1}{Products of Measure Spaces}{section.6}% 36
\BOOKMARK [2][-]{subsection.6.2}{Probability}{section.6}% 37
\BOOKMARK [2][-]{subsection.6.3}{Expected Value}{section.6}% 38
\BOOKMARK [2][-]{subsection.6.4}{Weak Law of Large Numbers}{section.6}% 39
\BOOKMARK [2][-]{subsection.6.5}{Markov's Inequality}{section.6}% 40
\BOOKMARK [2][-]{subsection.6.6}{Chebyshev's Inequality}{section.6}% 41
\BOOKMARK [2][-]{subsection.6.7}{General Markov}{section.6}% 42
\BOOKMARK [2][-]{subsection.6.8}{Chernoff Bound}{section.6}% 43
\BOOKMARK [2][-]{subsection.6.9}{Almost Sure Convergence}{section.6}% 44
\BOOKMARK [2][-]{subsection.6.10}{Strong Law of Large Numbers}{section.6}% 45
\BOOKMARK [1][-]{section.7}{10/4/18}{}% 46
\BOOKMARK [2][-]{subsection.7.1}{Strong Law of Large Number}{section.7}% 47
\BOOKMARK [2][-]{subsection.7.2}{Borel-Cantelli Lemmas \(Sufficient conditions for Almost Everywhere\)}{section.7}% 48
\BOOKMARK [2][-]{subsection.7.3}{Proof of SLLN}{section.7}% 49
\BOOKMARK [1][-]{section.8}{10/16/2018}{}% 50
\BOOKMARK [2][-]{subsection.8.1}{Last Time}{section.8}% 51
\BOOKMARK [2][-]{subsection.8.2}{Characteristic Functions}{section.8}% 52
\BOOKMARK [2][-]{subsection.8.3}{Characteristic Functions and Moments}{section.8}% 53
\BOOKMARK [2][-]{subsection.8.4}{Examples of Characteristic Functions}{section.8}% 54
\BOOKMARK [2][-]{subsection.8.5}{Inversions}{section.8}% 55
\BOOKMARK [1][-]{section.9}{10/18/2018}{}% 56
\BOOKMARK [2][-]{subsection.9.1}{Last Time}{section.9}% 57
\BOOKMARK [2][-]{subsection.9.2}{Levy's Continuity Theorem}{section.9}% 58
\BOOKMARK [2][-]{subsection.9.3}{Central Limit Theorem Proof}{section.9}% 59
\BOOKMARK [2][-]{subsection.9.4}{Some Comments on Weak Convergence}{section.9}% 60
\BOOKMARK [2][-]{subsection.9.5}{Generaly Strategy for Proving Weak Convergence \(Prohorov\)}{section.9}% 61
\BOOKMARK [2][-]{subsection.9.6}{Stochastic Processes}{section.9}% 62
\BOOKMARK [2][-]{subsection.9.7}{Markov Processes and Markov Chains}{section.9}% 63
\BOOKMARK [2][-]{subsection.9.8}{Properties of Transition Probabilities Matrix}{section.9}% 64
\BOOKMARK [1][-]{section.10}{10/25/2018}{}% 65
\BOOKMARK [2][-]{subsection.10.1}{Markov Chains}{section.10}% 66
\BOOKMARK [2][-]{subsection.10.2}{Graphs}{section.10}% 67
